0 info it worked if it ends with ok
1 verbose cli [ '/usr/local/bin/node',
1 verbose cli   '/usr/local/bin/npm',
1 verbose cli   'install',
1 verbose cli   '-g',
1 verbose cli   'compass' ]
2 info using npm@3.10.8
3 info using node@v6.9.1
4 silly loadCurrentTree Starting
5 silly install loadCurrentTree
6 silly install readGlobalPackageData
7 silly fetchPackageMetaData compass
8 silly fetchNamedPackageData compass
9 silly mapToRegistry name compass
10 silly mapToRegistry using default registry
11 silly mapToRegistry registry https://registry.npmjs.org/
12 silly mapToRegistry data Result {
12 silly mapToRegistry   raw: 'compass',
12 silly mapToRegistry   scope: null,
12 silly mapToRegistry   escapedName: 'compass',
12 silly mapToRegistry   name: 'compass',
12 silly mapToRegistry   rawSpec: '',
12 silly mapToRegistry   spec: 'latest',
12 silly mapToRegistry   type: 'tag' }
13 silly mapToRegistry uri https://registry.npmjs.org/compass
14 verbose request uri https://registry.npmjs.org/compass
15 verbose request no auth needed
16 info attempt registry request try #1 at 10:28:41 PM
17 verbose request id d3581a227607d3d8
18 http request GET https://registry.npmjs.org/compass
19 http 200 https://registry.npmjs.org/compass
20 verbose headers { server: 'nginx/1.10.1',
20 verbose headers   'content-type': 'application/json',
20 verbose headers   'last-modified': 'Tue, 29 Nov 2016 13:09:47 GMT',
20 verbose headers   etag: 'W/"583d7e1b-ec7"',
20 verbose headers   'content-encoding': 'gzip',
20 verbose headers   'cache-control': 'max-age=300',
20 verbose headers   'content-length': '1362',
20 verbose headers   'accept-ranges': 'bytes',
20 verbose headers   date: 'Sat, 14 Jan 2017 03:28:42 GMT',
20 verbose headers   via: '1.1 varnish',
20 verbose headers   age: '104',
20 verbose headers   connection: 'keep-alive',
20 verbose headers   'x-served-by': 'cache-jfk8128-JFK',
20 verbose headers   'x-cache': 'HIT',
20 verbose headers   'x-cache-hits': '1',
20 verbose headers   'x-timer': 'S1484364522.054264,VS0,VE0',
20 verbose headers   vary: 'Accept-Encoding' }
21 silly get cb [ 200,
21 silly get   { server: 'nginx/1.10.1',
21 silly get     'content-type': 'application/json',
21 silly get     'last-modified': 'Tue, 29 Nov 2016 13:09:47 GMT',
21 silly get     etag: 'W/"583d7e1b-ec7"',
21 silly get     'content-encoding': 'gzip',
21 silly get     'cache-control': 'max-age=300',
21 silly get     'content-length': '1362',
21 silly get     'accept-ranges': 'bytes',
21 silly get     date: 'Sat, 14 Jan 2017 03:28:42 GMT',
21 silly get     via: '1.1 varnish',
21 silly get     age: '104',
21 silly get     connection: 'keep-alive',
21 silly get     'x-served-by': 'cache-jfk8128-JFK',
21 silly get     'x-cache': 'HIT',
21 silly get     'x-cache-hits': '1',
21 silly get     'x-timer': 'S1484364522.054264,VS0,VE0',
21 silly get     vary: 'Accept-Encoding' } ]
22 verbose get saving compass to /Users/me/.npm/registry.npmjs.org/compass/.cache.json
23 verbose correctMkdir /Users/me/.npm correctMkdir not in flight; initializing
24 silly install normalizeTree
25 silly loadCurrentTree Finishing
26 silly loadIdealTree Starting
27 silly install loadIdealTree
28 silly cloneCurrentTree Starting
29 silly install cloneCurrentTreeToIdealTree
30 silly cloneCurrentTree Finishing
31 silly loadShrinkwrap Starting
32 silly install loadShrinkwrap
33 silly loadShrinkwrap Finishing
34 silly loadAllDepsIntoIdealTree Starting
35 silly install loadAllDepsIntoIdealTree
36 silly resolveWithNewModule compass@0.1.1 checking installable status
37 silly cache add args [ 'compass', null ]
38 verbose cache add spec compass
39 silly cache add parsed spec Result {
39 silly cache add   raw: 'compass',
39 silly cache add   scope: null,
39 silly cache add   escapedName: 'compass',
39 silly cache add   name: 'compass',
39 silly cache add   rawSpec: '',
39 silly cache add   spec: 'latest',
39 silly cache add   type: 'tag' }
40 silly addNamed compass@latest
41 verbose addNamed "latest" is being treated as a dist-tag for compass
42 info addNameTag [ 'compass', 'latest' ]
43 silly mapToRegistry name compass
44 silly mapToRegistry using default registry
45 silly mapToRegistry registry https://registry.npmjs.org/
46 silly mapToRegistry data Result {
46 silly mapToRegistry   raw: 'compass',
46 silly mapToRegistry   scope: null,
46 silly mapToRegistry   escapedName: 'compass',
46 silly mapToRegistry   name: 'compass',
46 silly mapToRegistry   rawSpec: '',
46 silly mapToRegistry   spec: 'latest',
46 silly mapToRegistry   type: 'tag' }
47 silly mapToRegistry uri https://registry.npmjs.org/compass
48 verbose addNameTag registry:https://registry.npmjs.org/compass not in flight; fetching
49 verbose get https://registry.npmjs.org/compass not expired, no request
50 silly addNameTag next cb for compass with tag latest
51 silly addNamed compass@0.1.1
52 verbose addNamed "0.1.1" is a plain semver version for compass
53 silly mapToRegistry name compass
54 silly mapToRegistry using default registry
55 silly mapToRegistry registry https://registry.npmjs.org/
56 silly mapToRegistry data Result {
56 silly mapToRegistry   raw: 'compass',
56 silly mapToRegistry   scope: null,
56 silly mapToRegistry   escapedName: 'compass',
56 silly mapToRegistry   name: 'compass',
56 silly mapToRegistry   rawSpec: '',
56 silly mapToRegistry   spec: 'latest',
56 silly mapToRegistry   type: 'tag' }
57 silly mapToRegistry uri https://registry.npmjs.org/compass
58 verbose addRemoteTarball https://registry.npmjs.org/compass/-/compass-0.1.1.tgz not in flight; adding
59 verbose addRemoteTarball [ 'https://registry.npmjs.org/compass/-/compass-0.1.1.tgz',
59 verbose addRemoteTarball   '5c56d5eb442d10c1ad5989ef5c5e925db60c60e1' ]
60 info retry fetch attempt 1 at 10:28:42 PM
61 info attempt registry request try #1 at 10:28:42 PM
62 http fetch GET https://registry.npmjs.org/compass/-/compass-0.1.1.tgz
63 http fetch 200 https://registry.npmjs.org/compass/-/compass-0.1.1.tgz
64 silly fetchAndShaCheck shasum 5c56d5eb442d10c1ad5989ef5c5e925db60c60e1
65 verbose addTmpTarball /var/folders/mw/85zjgp7j5zn89kxl4s7pqgkm0000gn/T/npm-4976-c70ae26c/registry.npmjs.org/compass/-/compass-0.1.1.tgz not in flight; adding
66 verbose addTmpTarball already have metadata; skipping unpack for compass@0.1.1
67 verbose correctMkdir /Users/me/.npm correctMkdir not in flight; initializing
68 silly cache afterAdd compass@0.1.1
69 verbose afterAdd /Users/me/.npm/compass/0.1.1/package/package.json not in flight; writing
70 verbose correctMkdir /Users/me/.npm correctMkdir not in flight; initializing
71 verbose afterAdd /Users/me/.npm/compass/0.1.1/package/package.json written
72 silly loadAllDepsIntoIdealTree Finishing
73 silly loadIdealTree Finishing
74 silly currentTree lib
75 silly idealTree lib
75 silly idealTree └── compass@0.1.1
76 silly generateActionsToTake Starting
77 silly install generateActionsToTake
78 warn checkPermissions Missing write access to /usr/local/lib/node_modules
79 silly rollbackFailedOptional Starting
80 silly rollbackFailedOptional Finishing
81 silly runTopLevelLifecycles Finishing
82 silly install printInstalled
83 verbose stack Error: EACCES: permission denied, access '/usr/local/lib/node_modules'
83 verbose stack     at Error (native)
84 verbose cwd /Users/me/flight-tracker/style
85 error Darwin 16.3.0
86 error argv "/usr/local/bin/node" "/usr/local/bin/npm" "install" "-g" "compass"
87 error node v6.9.1
88 error npm  v3.10.8
89 error path /usr/local/lib/node_modules
90 error code EACCES
91 error errno -13
92 error syscall access
93 error Error: EACCES: permission denied, access '/usr/local/lib/node_modules'
93 error     at Error (native)
93 error  { Error: EACCES: permission denied, access '/usr/local/lib/node_modules'
93 error     at Error (native)
93 error   errno: -13,
93 error   code: 'EACCES',
93 error   syscall: 'access',
93 error   path: '/usr/local/lib/node_modules' }
94 error Please try running this command again as root/Administrator.
95 verbose exit [ -13, true ]
